C:\Users\samba\miniconda3\envs\legalsum\lib\site-packages\huggingface_hub\file_download.py:949: FutureWarning: `resume_download` is deprecated and will be removed in version 1.0.0. Downloads always resume when possible. If you want to force a new download, use `force_download=True`.
  warnings.warn(
Loading training data from data/raw/IN-Abs\train-data...
Loading test data from data/raw/IN-Abs\test-data...
Loaded 7030 training examples and 100 test examples.
Loading Tokenizer and Model: allenai/led-base-16384...
Tokenizing datasets... this may take some RAM

Map:   0%|          | 0/7030 [00:00<?, ? examples/s]
Map:   0%|          | 4/7030 [00:00<03:20, 35.13 examples/s]
Map:   0%|          | 12/7030 [00:00<03:37, 32.34 examples/s]
Map:   0%|          | 18/7030 [00:00<04:16, 27.28 examples/s]
Map:   0%|          | 26/7030 [00:00<03:34, 32.71 examples/s]
Map:   0%|          | 30/7030 [00:01<04:06, 28.44 examples/s]
Map:   1%|          | 38/7030 [00:01<03:06, 37.57 examples/s]
Map:   1%|          | 46/7030 [00:01<02:48, 41.36 examples/s]
Map:   1%|          | 54/7030 [00:01<02:34, 45.07 examples/s]
Map:   1%|          | 62/7030 [00:01<02:33, 45.42 examples/s]
Map:   1%|          | 68/7030 [00:01<03:03, 38.00 examples/s]
Map:   1%|1         | 74/7030 [00:02<03:07, 37.13 examples/s]
Map:   1%|1         | 82/7030 [00:02<02:46, 41.83 examples/s]
Map:   1%|1         | 88/7030 [00:02<02:47, 41.56 examples/s]
Map:   1%|1         | 94/7030 [00:02<03:37, 31.83 examples/s]
Map:   1%|1         | 100/7030 [00:02<03:21, 34.46 examples/s]
Map:   2%|1         | 108/7030 [00:02<02:50, 40.60 examples/s]
Map:   2%|1         | 114/7030 [00:03<03:28, 33.09 examples/s]
Map:   2%|1         | 122/7030 [00:03<03:26, 33.43 examples/s]
Map:   2%|1         | 126/7030 [00:03<03:20, 34.45 examples/s]
Map:   2%|1         | 132/7030 [00:03<03:12, 35.87 examples/s]
Map:   2%|1         | 138/7030 [00:03<03:24, 33.71 examples/s]
Map:   2%|2         | 144/7030 [00:03<03:14, 35.47 examples/s]
Map:   2%|2         | 148/7030 [00:04<03:14, 35.45 examples/s]
Map:   2%|2         | 154/7030 [00:04<03:12, 35.71 examples/s]
Map:   2%|2         | 160/7030 [00:04<02:52, 39.81 examples/s]
Map:   2%|2         | 166/7030 [00:04<02:59, 38.25 examples/s]
Map:   2%|2         | 174/7030 [00:04<02:29, 45.83 examples/s]
Map:   3%|2         | 182/7030 [00:04<02:22, 47.92 examples/s]
Map:   3%|2         | 188/7030 [00:04<02:22, 48.17 examples/s]
Map:   3%|2         | 194/7030 [00:05<02:50, 40.15 examples/s]
Map:   3%|2         | 202/7030 [00:05<02:33, 44.61 examples/s]
Map:   3%|2         | 210/7030 [00:05<02:23, 47.42 examples/s]
Map:   3%|3         | 218/7030 [00:05<02:25, 46.66 examples/s]
Map:   3%|3         | 224/7030 [00:05<02:29, 45.45 examples/s]
Map:   3%|3         | 232/7030 [00:05<02:28, 45.70 examples/s]
Map:   3%|3         | 238/7030 [00:06<02:30, 45.07 examples/s]
Map:   3%|3         | 246/7030 [00:06<02:43, 41.46 examples/s]
Map:   4%|3         | 256/7030 [00:06<02:17, 49.27 examples/s]
Map:   4%|3         | 264/7030 [00:06<02:18, 48.95 examples/s]
Map:   4%|3         | 270/7030 [00:06<02:34, 43.71 examples/s]
Map:   4%|3         | 278/7030 [00:06<02:27, 45.70 examples/s]
Map:   4%|4         | 284/7030 [00:07<02:46, 40.62 examples/s]
Map:   4%|4         | 292/7030 [00:07<02:50, 39.62 examples/s]
Map:   4%|4         | 298/7030 [00:07<02:45, 40.68 examples/s]
Map:   4%|4         | 306/7030 [00:07<02:46, 40.35 examples/s]
Map:   4%|4         | 314/7030 [00:07<02:54, 38.57 examples/s]
Map:   5%|4         | 320/7030 [00:08<02:58, 37.52 examples/s]
Map:   5%|4         | 326/7030 [00:08<02:50, 39.30 examples/s]
Map:   5%|4         | 332/7030 [00:08<03:09, 35.41 examples/s]
Map:   5%|4         | 336/7030 [00:08<03:06, 35.83 examples/s]
Map:   5%|4         | 342/7030 [00:08<02:54, 38.29 examples/s]
Map:   5%|4         | 346/7030 [00:08<02:57, 37.61 examples/s]
Map:   5%|4         | 350/7030 [00:08<03:05, 36.11 examples/s]
Map:   5%|5         | 358/7030 [00:09<02:41, 41.26 examples/s]
Map:   5%|5         | 366/7030 [00:09<03:11, 34.79 examples/s]
Map:   5%|5         | 372/7030 [00:09<03:03, 36.24 examples/s]
Map:   5%|5         | 376/7030 [00:09<03:18, 33.45 examples/s]
Map:   5%|5         | 380/7030 [00:09<03:30, 31.57 examples/s]
Map:   5%|5         | 386/7030 [00:09<03:00, 36.85 examples/s]
Map:   6%|5         | 390/7030 [00:10<02:59, 36.90 examples/s]
Map:   6%|5         | 394/7030 [00:10<03:09, 35.06 examples/s]
Map:   6%|5         | 398/7030 [00:10<03:24, 32.49 examples/s]
Map:   6%|5         | 404/7030 [00:10<03:59, 27.70 examples/s]
Map:   6%|5         | 410/7030 [00:10<03:22, 32.75 examples/s]
Map:   6%|5         | 414/7030 [00:10<03:49, 28.89 examples/s]
Map:   6%|5         | 418/7030 [00:11<03:53, 28.28 examples/s]
Map:   6%|6         | 426/7030 [00:11<04:03, 27.11 examples/s]
Map:   6%|6         | 430/7030 [00:11<04:07, 26.62 examples/s]
Map:   6%|6         | 438/7030 [00:11<03:14, 33.91 examples/s]
Map:   6%|6         | 442/7030 [00:11<03:39, 29.96 examples/s]
Map:   6%|6         | 446/7030 [00:11<03:51, 28.46 examples/s]
Map:   6%|6         | 452/7030 [00:12<03:17, 33.32 examples/s]
Map:   7%|6         | 460/7030 [00:12<03:05, 35.40 examples/s]
Map:   7%|6         | 468/7030 [00:12<02:50, 38.45 examples/s]
Map:   7%|6         | 472/7030 [00:12<02:51, 38.29 examples/s]
Map:   7%|6         | 478/7030 [00:12<02:55, 37.30 examples/s]
Map:   7%|6         | 486/7030 [00:12<02:31, 43.20 examples/s]
Map:   7%|7         | 494/7030 [00:13<02:34, 42.19 examples/s]
Map:   7%|7         | 500/7030 [00:13<03:22, 32.18 examples/s]
Map:   7%|7         | 506/7030 [00:13<03:16, 33.23 examples/s]
Map:   7%|7         | 510/7030 [00:13<03:11, 34.03 examples/s]
Map:   7%|7         | 516/7030 [00:13<02:56, 36.95 examples/s]
Map:   7%|7         | 522/7030 [00:14<03:06, 34.87 examples/s]
Map:   7%|7         | 526/7030 [00:14<03:04, 35.27 examples/s]
Map:   8%|7         | 534/7030 [00:14<02:44, 39.42 examples/s]
Map:   8%|7         | 540/7030 [00:14<02:51, 37.75 examples/s]
Map:   8%|7         | 546/7030 [00:14<02:51, 37.83 examples/s]
Map:   8%|7         | 552/7030 [00:14<03:09, 34.16 examples/s]
Map:   8%|7         | 560/7030 [00:14<02:46, 38.94 examples/s]
Map:   8%|8         | 568/7030 [00:15<02:37, 40.95 examples/s]
Map:   8%|8         | 576/7030 [00:15<02:35, 41.63 examples/s]
Map:   8%|8         | 584/7030 [00:15<02:40, 40.22 examples/s]
Map:   8%|8         | 592/7030 [00:15<02:29, 43.17 examples/s]
Map:   9%|8         | 600/7030 [00:15<02:13, 48.21 examples/s]
Map:   9%|8         | 606/7030 [00:16<02:28, 43.32 examples/s]
Map:   9%|8         | 614/7030 [00:16<02:42, 39.37 examples/s]
Map:   9%|8         | 622/7030 [00:16<03:00, 35.47 examples/s]
Map:   9%|8         | 628/7030 [00:16<02:55, 36.43 examples/s]
Map:   9%|9         | 636/7030 [00:16<02:40, 39.76 examples/s]
Map:   9%|9         | 644/7030 [00:17<02:56, 36.16 examples/s]
Map:   9%|9         | 650/7030 [00:17<02:50, 37.49 examples/s]
Map:   9%|9         | 656/7030 [00:17<03:12, 33.08 examples/s]
Map:   9%|9         | 664/7030 [00:17<02:45, 38.51 examples/s]
Map:  10%|9         | 672/7030 [00:17<02:42, 39.04 examples/s]
Map:  10%|9         | 678/7030 [00:18<03:04, 34.37 examples/s]
Map:  10%|9         | 686/7030 [00:18<03:08, 33.66 examples/s]
Map:  10%|9         | 694/7030 [00:18<02:51, 36.92 examples/s]
Map:  10%|9         | 698/7030 [00:18<02:51, 37.00 examples/s]
Map:  10%|9         | 702/7030 [00:18<03:05, 34.17 examples/s]
Map:  10%|#         | 706/7030 [00:18<03:02, 34.57 examples/s]
Map:  10%|#         | 710/7030 [00:19<03:29, 30.19 examples/s]
Map:  10%|#         | 716/7030 [00:19<03:07, 33.59 examples/s]
Map:  10%|#         | 720/7030 [00:19<03:03, 34.45 examples/s]
Map:  10%|#         | 726/7030 [00:19<03:04, 34.09 examples/s]
Map:  10%|#         | 730/7030 [00:19<03:07, 33.57 examples/s]
Map:  10%|#         | 736/7030 [00:19<03:00, 34.95 examples/s]
Map:  11%|#         | 740/7030 [00:19<02:54, 35.95 examples/s]
Map:  11%|#         | 744/7030 [00:20<03:18, 31.60 examples/s]
Map:  11%|#         | 750/7030 [00:20<03:14, 32.26 examples/s]
Map:  11%|#         | 754/7030 [00:20<03:14, 32.28 examples/s]
Map:  11%|#         | 760/7030 [00:20<02:52, 36.29 examples/s]
Map:  11%|#         | 766/7030 [00:20<03:33, 29.34 examples/s]
Map:  11%|#         | 770/7030 [00:20<03:39, 28.49 examples/s]
Map:  11%|#1        | 774/7030 [00:21<03:32, 29.47 examples/s]
Map:  11%|#1        | 780/7030 [00:21<03:26, 30.25 examples/s]
Map:  11%|#1        | 786/7030 [00:21<03:11, 32.56 examples/s]
Map:  11%|#1        | 792/7030 [00:21<04:11, 24.84 examples/s]
Map:  11%|#1        | 796/7030 [00:21<04:07, 25.22 examples/s]
Map:  11%|#1        | 802/7030 [00:22<03:49, 27.13 examples/s]
Map:  11%|#1        | 808/7030 [00:22<03:42, 28.00 examples/s]
Map:  12%|#1        | 814/7030 [00:22<03:17, 31.52 examples/s]
Map:  12%|#1        | 820/7030 [00:22<03:01, 34.30 examples/s]
Map:  12%|#1        | 824/7030 [00:22<02:57, 34.98 examples/s]
Map:  12%|#1        | 828/7030 [00:22<02:54, 35.46 examples/s]
Map:  12%|#1        | 832/7030 [00:22<02:54, 35.59 examples/s]
Map:  12%|#1        | 838/7030 [00:23<02:45, 37.42 examples/s]
Map:  12%|#1        | 842/7030 [00:23<02:51, 36.15 examples/s]
Map:  12%|#2        | 846/7030 [00:23<03:53, 26.48 examples/s]
Map:  12%|#2        | 850/7030 [00:23<03:38, 28.29 examples/s]
Map:  12%|#2        | 858/7030 [00:23<03:05, 33.25 examples/s]
Map:  12%|#2        | 864/7030 [00:23<03:01, 33.97 examples/s]
Map:  12%|#2        | 872/7030 [00:24<02:37, 39.12 examples/s]
Map:  13%|#2        | 880/7030 [00:24<02:39, 38.64 examples/s]
Map:  13%|#2        | 886/7030 [00:24<02:26, 42.01 examples/s]
Map:  13%|#2        | 892/7030 [00:24<02:30, 40.81 examples/s]
Map:  13%|#2        | 900/7030 [00:24<02:24, 42.41 examples/s]
Map:  13%|#2        | 906/7030 [00:24<02:28, 41.37 examples/s]
Map:  13%|#2        | 912/7030 [00:25<02:41, 37.82 examples/s]
Map:  13%|#3        | 918/7030 [00:25<02:37, 38.81 examples/s]
Map:  13%|#3        | 924/7030 [00:25<02:31, 40.38 examples/s]
Map:  13%|#3        | 932/7030 [00:25<02:24, 42.25 examples/s]
Map:  13%|#3        | 940/7030 [00:25<02:16, 44.69 examples/s]
Map:  13%|#3        | 948/7030 [00:26<03:07, 32.43 examples/s]
Map:  14%|#3        | 954/7030 [00:26<02:57, 34.23 examples/s]
Map:  14%|#3        | 960/7030 [00:26<02:52, 35.23 examples/s]
Map:  14%|#3        | 966/7030 [00:26<03:02, 33.31 examples/s]
Map:  14%|#3        | 974/7030 [00:26<02:47, 36.23 examples/s]
Map:  14%|#3        | 982/7030 [00:26<02:55, 34.41 examples/s]
Map:  14%|#4        | 990/7030 [00:27<02:31, 39.86 examples/s]
Map:  14%|#4        | 996/7030 [00:27<02:34, 39.14 examples/s]
Map:  14%|#4        | 1004/7030 [00:27<02:24, 41.73 examples/s]
Map:  14%|#4        | 1010/7030 [00:27<02:20, 42.86 examples/s]
Map:  14%|#4        | 1018/7030 [00:27<02:18, 43.43 examples/s]
Map:  15%|#4        | 1024/7030 [00:27<02:24, 41.55 examples/s]
Map:  15%|#4        | 1030/7030 [00:28<02:29, 40.20 examples/s]
Map:  15%|#4        | 1036/7030 [00:28<02:21, 42.27 examples/s]
Map:  15%|#4        | 1044/7030 [00:28<02:24, 41.52 examples/s]
Map:  15%|#4        | 1052/7030 [00:28<02:24, 41.23 examples/s]
Map:  15%|#5        | 1060/7030 [00:28<02:29, 40.05 examples/s]
Map:  15%|#5        | 1066/7030 [00:28<02:29, 39.99 examples/s]
Map:  15%|#5        | 1072/7030 [00:29<02:23, 41.58 examples/s]
Map:  15%|#5        | 1078/7030 [00:29<02:19, 42.70 examples/s]
Map:  15%|#5        | 1086/7030 [00:29<02:26, 40.53 examples/s]
Map:  16%|#5        | 1094/7030 [00:29<02:08, 46.31 examples/s]
Map:  16%|#5        | 1102/7030 [00:29<02:39, 37.15 examples/s]
Map:  16%|#5        | 1108/7030 [00:29<02:34, 38.45 examples/s]
Map:  16%|#5        | 1114/7030 [00:30<02:41, 36.70 examples/s]
Map:  16%|#5        | 1120/7030 [00:30<02:32, 38.73 examples/s]
Map:  16%|#6        | 1128/7030 [00:30<02:23, 41.06 examples/s]
Map:  16%|#6        | 1134/7030 [00:30<02:18, 42.52 examples/s]
Map:  16%|#6        | 1142/7030 [00:30<02:06, 46.47 examples/s]
Map:  16%|#6        | 1150/7030 [00:30<01:59, 49.17 examples/s]
Map:  16%|#6        | 1158/7030 [00:31<02:10, 45.12 examples/s]
Map:  17%|#6        | 1164/7030 [00:31<02:11, 44.74 examples/s]
Map:  17%|#6        | 1172/7030 [00:31<02:22, 41.18 examples/s]
Map:  17%|#6        | 1178/7030 [00:31<02:25, 40.35 examples/s]
Map:  17%|#6        | 1186/7030 [00:31<02:17, 42.56 examples/s]
Map:  17%|#6        | 1192/7030 [00:31<02:33, 37.95 examples/s]
Map:  17%|#7        | 1198/7030 [00:32<02:27, 39.49 examples/s]
Map:  17%|#7        | 1206/7030 [00:32<02:38, 36.80 examples/s]
Map:  17%|#7        | 1214/7030 [00:32<02:11, 44.25 examples/s]
Map:  17%|#7        | 1222/7030 [00:32<02:05, 46.45 examples/s]
Map:  17%|#7        | 1230/7030 [00:32<02:02, 47.40 examples/s]
Map:  18%|#7        | 1236/7030 [00:32<02:15, 42.72 examples/s]
Map:  18%|#7        | 1244/7030 [00:33<02:16, 42.27 examples/s]
Map:  18%|#7        | 1252/7030 [00:33<02:12, 43.67 examples/s]
Map:  18%|#7        | 1258/7030 [00:33<02:16, 42.32 examples/s]
Map:  18%|#7        | 1264/7030 [00:33<02:27, 39.00 examples/s]
Map:  18%|#8        | 1272/7030 [00:33<02:12, 43.53 examples/s]
Map:  18%|#8        | 1280/7030 [00:33<01:59, 48.32 examples/s]
Map:  18%|#8        | 1286/7030 [00:34<02:01, 47.23 examples/s]
Map:  18%|#8        | 1292/7030 [00:34<02:16, 41.91 examples/s]
Map:  18%|#8        | 1300/7030 [00:34<02:09, 44.34 examples/s]
Map:  19%|#8        | 1306/7030 [00:34<03:50, 24.81 examples/s]
Map:  19%|#8        | 1312/7030 [00:35<03:20, 28.48 examples/s]
Map:  19%|#8        | 1316/7030 [00:35<03:11, 29.91 examples/s]
Map:  19%|#8        | 1324/7030 [00:35<02:46, 34.20 examples/s]
Map:  19%|#8        | 1330/7030 [00:35<02:37, 36.29 examples/s]
Map:  19%|#9        | 1338/7030 [00:35<02:15, 41.93 examples/s]
Map:  19%|#9        | 1344/7030 [00:35<02:08, 44.31 examples/s]
Map:  19%|#9        | 1352/7030 [00:35<01:51, 50.90 examples/s]
Map:  19%|#9        | 1358/7030 [00:36<01:55, 49.03 examples/s]
Map:  19%|#9        | 1366/7030 [00:36<02:00, 47.04 examples/s]
Map:  20%|#9        | 1372/7030 [00:36<02:04, 45.42 examples/s]
Map:  20%|#9        | 1378/7030 [00:36<02:02, 46.14 examples/s]
Map:  20%|#9        | 1386/7030 [00:36<01:57, 48.07 examples/s]
Map:  20%|#9        | 1394/7030 [00:36<01:48, 52.07 examples/s]
Map:  20%|#9        | 1400/7030 [00:36<02:01, 46.35 examples/s]
Map:  20%|##        | 1408/7030 [00:37<02:07, 44.07 examples/s]
Map:  20%|##        | 1414/7030 [00:37<02:07, 44.01 examples/s]
Map:  20%|##        | 1422/7030 [00:37<02:18, 40.38 examples/s]
Map:  20%|##        | 1428/7030 [00:37<02:13, 41.87 examples/s]
Map:  20%|##        | 1434/7030 [00:37<02:19, 40.08 examples/s]
Map:  21%|##        | 1442/7030 [00:37<02:22, 39.32 examples/s]
Map:  21%|##        | 1448/7030 [00:38<02:37, 35.44 examples/s]
Map:  21%|##        | 1454/7030 [00:38<02:28, 37.54 examples/s]
Map:  21%|##        | 1462/7030 [00:38<02:10, 42.71 examples/s]
Map:  21%|##        | 1470/7030 [00:38<02:07, 43.45 examples/s]
Map:  21%|##        | 1476/7030 [00:38<02:12, 41.88 examples/s]
Map:  21%|##1       | 1484/7030 [00:38<01:58, 46.95 examples/s]
Map:  21%|##1       | 1492/7030 [00:39<02:16, 40.65 examples/s]
Map:  21%|##1       | 1500/7030 [00:39<02:01, 45.46 examples/s]
Map:  21%|##1       | 1508/7030 [00:39<01:54, 48.08 examples/s]
Map:  22%|##1       | 1516/7030 [00:39<01:52, 49.06 examples/s]
Map:  22%|##1       | 1522/7030 [00:39<01:56, 47.28 examples/s]
Map:  22%|##1       | 1530/7030 [00:39<01:53, 48.26 examples/s]
Map:  22%|##1       | 1538/7030 [00:40<01:50, 49.55 examples/s]
Map:  22%|##1       | 1546/7030 [00:40<01:52, 48.86 examples/s]
Map:  22%|##2       | 1554/7030 [00:40<01:54, 47.89 examples/s]
Map:  22%|##2       | 1562/7030 [00:40<01:54, 47.58 examples/s]
Map:  22%|##2       | 1570/7030 [00:40<01:48, 50.14 examples/s]
Map:  22%|##2       | 1578/7030 [00:40<01:42, 53.05 examples/s]
Map:  23%|##2       | 1586/7030 [00:41<01:40, 54.29 examples/s]
Map:  23%|##2       | 1594/7030 [00:41<01:53, 47.78 examples/s]
Map:  23%|##2       | 1602/7030 [00:41<01:53, 47.82 examples/s]
Map:  23%|##2       | 1608/7030 [00:41<01:51, 48.73 examples/s]
Map:  23%|##2       | 1616/7030 [00:41<01:46, 50.69 examples/s]
Map:  23%|##3       | 1624/7030 [00:41<01:59, 45.07 examples/s]
Map:  23%|##3       | 1630/7030 [00:42<02:09, 41.71 examples/s]
Map:  23%|##3       | 1638/7030 [00:42<01:57, 46.00 examples/s]
Map:  23%|##3       | 1644/7030 [00:42<01:58, 45.57 examples/s]
Map:  23%|##3       | 1652/7030 [00:42<01:53, 47.37 examples/s]
Map:  24%|##3       | 1660/7030 [00:42<01:54, 46.80 examples/s]
Map:  24%|##3       | 1668/7030 [00:42<01:57, 45.68 examples/s]
Map:  24%|##3       | 1676/7030 [00:43<01:58, 45.31 examples/s]
Map:  24%|##3       | 1682/7030 [00:43<02:08, 41.67 examples/s]
Map:  24%|##4       | 1688/7030 [00:43<02:26, 36.38 examples/s]
Map:  24%|##4       | 1696/7030 [00:43<02:13, 39.92 examples/s]
Map:  24%|##4       | 1702/7030 [00:43<02:11, 40.60 examples/s]
Map:  24%|##4       | 1708/7030 [00:43<02:14, 39.70 examples/s]
Map:  24%|##4       | 1714/7030 [00:44<02:16, 39.03 examples/s]
Map:  24%|##4       | 1720/7030 [00:44<02:19, 37.97 examples/s]
Map:  25%|##4       | 1724/7030 [00:44<02:39, 33.35 examples/s]
Map:  25%|##4       | 1730/7030 [00:44<02:44, 32.12 examples/s]
Map:  25%|##4       | 1738/7030 [00:44<02:21, 37.43 examples/s]
Map:  25%|##4       | 1744/7030 [00:44<02:15, 38.92 examples/s]
Map:  25%|##4       | 1752/7030 [00:45<02:00, 43.78 examples/s]
Map:  25%|##5       | 1760/7030 [00:45<01:53, 46.52 examples/s]
Map:  25%|##5       | 1768/7030 [00:45<01:56, 45.17 examples/s]
Map:  25%|##5       | 1776/7030 [00:45<01:49, 48.03 examples/s]
Map:  25%|##5       | 1784/7030 [00:45<01:46, 49.08 examples/s]
Map:  25%|##5       | 1790/7030 [00:45<01:48, 48.43 examples/s]
Map:  26%|##5       | 1798/7030 [00:45<01:45, 49.81 examples/s]
Map:  26%|##5       | 1806/7030 [00:46<01:37, 53.60 examples/s]
Map:  26%|##5       | 1814/7030 [00:46<01:35, 54.80 examples/s]
Map:  26%|##5       | 1822/7030 [00:46<01:33, 55.65 examples/s]
Map:  26%|##6       | 1828/7030 [00:46<01:38, 53.03 examples/s]
Map:  26%|##6       | 1836/7030 [00:46<01:37, 53.01 examples/s]
Map:  26%|##6       | 1844/7030 [00:46<01:33, 55.47 examples/s]
Map:  26%|##6       | 1852/7030 [00:46<01:30, 57.29 examples/s]
Map:  26%|##6       | 1860/7030 [00:47<01:38, 52.29 examples/s]
Map:  27%|##6       | 1866/7030 [00:47<01:40, 51.35 examples/s]
Map:  27%|##6       | 1874/7030 [00:47<01:42, 50.16 examples/s]
Map:  27%|##6       | 1882/7030 [00:47<01:41, 50.50 examples/s]
Map:  27%|##6       | 1890/7030 [00:47<01:36, 53.40 examples/s]
Map:  27%|##6       | 1898/7030 [00:47<01:37, 52.44 examples/s]
Map:  27%|##7       | 1904/7030 [00:47<01:45, 48.63 examples/s]
Map:  27%|##7       | 1912/7030 [00:48<01:36, 52.78 examples/s]
Map:  27%|##7       | 1918/7030 [00:48<01:45, 48.59 examples/s]
Map:  27%|##7       | 1926/7030 [00:48<01:36, 52.99 examples/s]
Map:  28%|##7       | 1934/7030 [00:48<01:36, 53.01 examples/s]
Map:  28%|##7       | 1940/7030 [00:48<01:40, 50.57 examples/s]
Map:  28%|##7       | 1950/7030 [00:48<01:31, 55.62 examples/s]
Map:  28%|##7       | 1958/7030 [00:48<01:30, 55.78 examples/s]
Map:  28%|##7       | 1966/7030 [00:49<01:34, 53.80 examples/s]
Map:  28%|##8       | 1974/7030 [00:49<01:43, 49.06 examples/s]
Map:  28%|##8       | 1982/7030 [00:49<01:39, 50.48 examples/s]
Map:  28%|##8       | 1990/7030 [00:49<01:40, 49.95 examples/s]
Map:  28%|##8       | 1996/7030 [00:49<01:43, 48.60 examples/s]
Map:  29%|##8       | 2004/7030 [00:49<01:42, 49.12 examples/s]
Map:  29%|##8       | 2012/7030 [00:50<01:33, 53.87 examples/s]
Map:  29%|##8       | 2020/7030 [00:50<01:30, 55.06 examples/s]
Map:  29%|##8       | 2028/7030 [00:50<01:31, 54.83 examples/s]
Map:  29%|##8       | 2034/7030 [00:50<01:58, 42.30 examples/s]
Map:  29%|##9       | 2040/7030 [00:50<01:52, 44.27 examples/s]
Map:  29%|##9       | 2046/7030 [00:50<01:56, 42.78 examples/s]
Map:  29%|##9       | 2052/7030 [00:50<01:52, 44.24 examples/s]
Map:  29%|##9       | 2058/7030 [00:51<01:50, 44.99 examples/s]
Map:  29%|##9       | 2066/7030 [00:51<01:40, 49.41 examples/s]
Map:  29%|##9       | 2072/7030 [00:51<01:40, 49.48 examples/s]
Map:  30%|##9       | 2078/7030 [00:51<01:39, 49.59 examples/s]
Map:  30%|##9       | 2086/7030 [00:51<01:39, 49.83 examples/s]
Map:  30%|##9       | 2094/7030 [00:51<01:31, 54.01 examples/s]
Map:  30%|##9       | 2104/7030 [00:51<01:30, 54.38 examples/s]
Map:  30%|###       | 2112/7030 [00:52<01:27, 56.05 examples/s]
Map:  30%|###       | 2120/7030 [00:52<01:37, 50.29 examples/s]
Map:  30%|###       | 2128/7030 [00:52<01:39, 49.37 examples/s]
Map:  30%|###       | 2134/7030 [00:52<01:44, 46.81 examples/s]
Map:  30%|###       | 2140/7030 [00:52<01:43, 47.21 examples/s]
Map:  31%|###       | 2146/7030 [00:52<01:45, 46.18 examples/s]
Map:  31%|###       | 2154/7030 [00:52<01:38, 49.37 examples/s]
Map:  31%|###       | 2162/7030 [00:53<01:31, 53.48 examples/s]
Map:  31%|###       | 2170/7030 [00:53<01:34, 51.53 examples/s]
Map:  31%|###       | 2178/7030 [00:53<01:31, 52.94 examples/s]
Map:  31%|###1      | 2184/7030 [00:53<01:32, 52.45 examples/s]
Map:  31%|###1      | 2192/7030 [00:53<01:38, 48.96 examples/s]
Map:  31%|###1      | 2200/7030 [00:53<01:37, 49.30 examples/s]
Map:  31%|###1      | 2208/7030 [00:53<01:35, 50.75 examples/s]
Map:  32%|###1      | 2216/7030 [00:54<01:53, 42.31 examples/s]
Map:  32%|###1      | 2224/7030 [00:54<02:00, 39.97 examples/s]
Map:  32%|###1      | 2230/7030 [00:54<02:03, 38.88 examples/s]
Map:  32%|###1      | 2238/7030 [00:54<01:54, 41.81 examples/s]
Map:  32%|###1      | 2244/7030 [00:54<01:59, 40.11 examples/s]
Map:  32%|###2      | 2252/7030 [00:55<01:52, 42.64 examples/s]
Map:  32%|###2      | 2258/7030 [00:55<01:56, 40.93 examples/s]
Map:  32%|###2      | 2264/7030 [00:55<02:07, 37.24 examples/s]
Map:  32%|###2      | 2270/7030 [00:55<02:03, 38.55 examples/s]
Map:  32%|###2      | 2278/7030 [00:55<01:51, 42.72 examples/s]
Map:  33%|###2      | 2286/7030 [00:55<01:51, 42.44 examples/s]
Map:  33%|###2      | 2292/7030 [00:56<01:49, 43.10 examples/s]
Map:  33%|###2      | 2298/7030 [00:56<01:59, 39.48 examples/s]
Map:  33%|###2      | 2306/7030 [00:56<01:53, 41.51 examples/s]
Map:  33%|###2      | 2312/7030 [00:56<01:51, 42.43 examples/s]
Map:  33%|###3      | 2320/7030 [00:56<01:41, 46.23 examples/s]
Map:  33%|###3      | 2328/7030 [00:56<01:36, 48.75 examples/s]
Map:  33%|###3      | 2336/7030 [00:57<01:48, 43.46 examples/s]
Map:  33%|###3      | 2342/7030 [00:57<01:50, 42.30 examples/s]
Map:  33%|###3      | 2350/7030 [00:57<01:43, 45.26 examples/s]
Map:  34%|###3      | 2356/7030 [00:57<01:42, 45.57 examples/s]
Map:  34%|###3      | 2364/7030 [00:57<01:36, 48.48 examples/s]
Map:  34%|###3      | 2372/7030 [00:57<01:34, 49.23 examples/s]
Map:  34%|###3      | 2380/7030 [00:58<01:34, 49.00 examples/s]
Map:  34%|###3      | 2386/7030 [00:58<02:01, 38.22 examples/s]
Map:  34%|###4      | 2394/7030 [00:58<01:54, 40.36 examples/s]
Map:  34%|###4      | 2400/7030 [00:58<02:05, 37.00 examples/s]
Map:  34%|###4      | 2406/7030 [00:58<02:03, 37.45 examples/s]
Map:  34%|###4      | 2412/7030 [00:58<02:05, 36.85 examples/s]
Map:  34%|###4      | 2416/7030 [00:59<02:05, 36.80 examples/s]
Map:  34%|###4      | 2422/7030 [00:59<02:00, 38.14 examples/s]
Map:  35%|###4      | 2428/7030 [00:59<02:01, 37.78 examples/s]
Map:  35%|###4      | 2434/7030 [00:59<01:58, 38.92 examples/s]
Map:  35%|###4      | 2442/7030 [00:59<01:44, 43.99 examples/s]
Map:  35%|###4      | 2448/7030 [00:59<01:44, 43.92 examples/s]
Map:  35%|###4      | 2456/7030 [00:59<01:36, 47.45 examples/s]
Map:  35%|###5      | 2462/7030 [01:00<01:35, 47.86 examples/s]
Map:  35%|###5      | 2470/7030 [01:00<01:43, 44.14 examples/s]
Map:  35%|###5      | 2476/7030 [01:00<01:45, 43.33 examples/s]
Map:  35%|###5      | 2484/7030 [01:00<01:39, 45.90 examples/s]
Map:  35%|###5      | 2492/7030 [01:00<01:33, 48.53 examples/s]
Map:  36%|###5      | 2500/7030 [01:00<01:34, 47.84 examples/s]
Map:  36%|###5      | 2508/7030 [01:01<01:36, 46.72 examples/s]
Map:  36%|###5      | 2516/7030 [01:01<01:38, 45.84 examples/s]
Map:  36%|###5      | 2524/7030 [01:01<01:36, 46.51 examples/s]
Map:  36%|###5      | 2530/7030 [01:01<01:45, 42.52 examples/s]
Map:  36%|###6      | 2536/7030 [01:01<01:51, 40.31 examples/s]
Map:  36%|###6      | 2544/7030 [01:01<01:44, 43.07 examples/s]
Map:  36%|###6      | 2552/7030 [01:02<01:42, 43.67 examples/s]
Map:  36%|###6      | 2560/7030 [01:02<01:33, 47.74 examples/s]
Map:  37%|###6      | 2568/7030 [01:02<01:40, 44.26 examples/s]
Map:  37%|###6      | 2574/7030 [01:02<01:46, 41.75 examples/s]
Map:  37%|###6      | 2582/7030 [01:02<01:38, 45.23 examples/s]
Map:  37%|###6      | 2590/7030 [01:02<01:35, 46.46 examples/s]
Map:  37%|###6      | 2596/7030 [01:03<01:34, 46.79 examples/s]
Map:  37%|###7      | 2604/7030 [01:03<01:24, 52.51 examples/s]
Map:  37%|###7      | 2612/7030 [01:03<01:20, 54.56 examples/s]
Map:  37%|###7      | 2620/7030 [01:03<01:18, 56.35 examples/s]
Map:  37%|###7      | 2626/7030 [01:03<01:35, 46.20 examples/s]
Map:  37%|###7      | 2632/7030 [01:04<02:46, 26.38 examples/s]
Map:  37%|###7      | 2636/7030 [01:04<02:42, 27.09 examples/s]
Map:  38%|###7      | 2642/7030 [01:04<02:29, 29.39 examples/s]
Map:  38%|###7      | 2648/7030 [01:04<02:11, 33.28 examples/s]
Map:  38%|###7      | 2654/7030 [01:04<02:03, 35.47 examples/s]
Map:  38%|###7      | 2662/7030 [01:04<01:51, 39.30 examples/s]
Map:  38%|###7      | 2670/7030 [01:05<01:37, 44.67 examples/s]
Map:  38%|###8      | 2680/7030 [01:05<01:49, 39.62 examples/s]
Map:  38%|###8      | 2686/7030 [01:05<01:42, 42.45 examples/s]
Map:  38%|###8      | 2692/7030 [01:05<01:40, 43.37 examples/s]
Map:  38%|###8      | 2698/7030 [01:05<01:44, 41.52 examples/s]
Map:  38%|###8      | 2704/7030 [01:05<01:54, 37.68 examples/s]
Map:  39%|###8      | 2712/7030 [01:06<01:43, 41.61 examples/s]
Map:  39%|###8      | 2720/7030 [01:06<01:33, 46.02 examples/s]
Map:  39%|###8      | 2728/7030 [01:06<01:32, 46.71 examples/s]
Map:  39%|###8      | 2734/7030 [01:06<01:37, 43.89 examples/s]
Map:  39%|###8      | 2740/7030 [01:07<03:42, 19.28 examples/s]
Map:  39%|###9      | 2748/7030 [01:07<02:53, 24.61 examples/s]
Map:  39%|###9      | 2752/7030 [01:07<02:43, 26.19 examples/s]
Map:  39%|###9      | 2758/7030 [01:07<02:24, 29.52 examples/s]
Map:  39%|###9      | 2766/7030 [01:07<02:05, 33.86 examples/s]
Map:  39%|###9      | 2774/7030 [01:08<01:54, 37.27 examples/s]
Map:  40%|###9      | 2782/7030 [01:08<01:43, 41.06 examples/s]
Map:  40%|###9      | 2788/7030 [01:08<01:44, 40.73 examples/s]
Map:  40%|###9      | 2796/7030 [01:08<01:30, 46.89 examples/s]
Map:  40%|###9      | 2802/7030 [01:08<01:32, 45.93 examples/s]
Map:  40%|###9      | 2810/7030 [01:08<01:28, 47.62 examples/s]
Map:  40%|####      | 2816/7030 [01:08<01:42, 41.20 examples/s]
Map:  40%|####      | 2822/7030 [01:09<01:43, 40.83 examples/s]
Map:  40%|####      | 2830/7030 [01:09<01:38, 42.56 examples/s]
Map:  40%|####      | 2838/7030 [01:09<01:32, 45.36 examples/s]
Map:  40%|####      | 2846/7030 [01:09<01:40, 41.65 examples/s]
Map:  41%|####      | 2852/7030 [01:09<01:45, 39.59 examples/s]
Map:  41%|####      | 2860/7030 [01:10<01:44, 39.80 examples/s]
Map:  41%|####      | 2868/7030 [01:10<01:34, 44.19 examples/s]
Map:  41%|####      | 2874/7030 [01:10<01:32, 44.75 examples/s]
Map:  41%|####      | 2880/7030 [01:10<01:43, 40.09 examples/s]
Map:  41%|####1     | 2886/7030 [01:10<01:50, 37.48 examples/s]
Map:  41%|####1     | 2894/7030 [01:10<01:35, 43.14 examples/s]
Map:  41%|####1     | 2902/7030 [01:10<01:26, 47.56 examples/s]
Map:  41%|####1     | 2908/7030 [01:11<01:37, 42.11 examples/s]
Map:  41%|####1     | 2916/7030 [01:11<01:37, 42.08 examples/s]
Map:  42%|####1     | 2924/7030 [01:11<01:29, 45.79 examples/s]
Map:  42%|####1     | 2930/7030 [01:11<01:28, 46.38 examples/s]
Map:  42%|####1     | 2936/7030 [01:11<01:30, 45.02 examples/s]
Map:  42%|####1     | 2944/7030 [01:11<01:32, 44.18 examples/s]
Map:  42%|####2     | 2954/7030 [01:12<01:22, 49.12 examples/s]
Map:  42%|####2     | 2962/7030 [01:12<01:25, 47.76 examples/s]
Map:  42%|####2     | 2970/7030 [01:12<01:18, 51.40 examples/s]
Map:  42%|####2     | 2978/7030 [01:12<01:41, 39.82 examples/s]
Map:  42%|####2     | 2986/7030 [01:12<01:40, 40.22 examples/s]
Map:  43%|####2     | 2994/7030 [01:13<01:33, 43.03 examples/s]
Map:  43%|####2     | 3002/7030 [01:13<01:25, 47.10 examples/s]
Map:  43%|####2     | 3008/7030 [01:13<01:23, 48.06 examples/s]
Map:  43%|####2     | 3014/7030 [01:13<01:34, 42.58 examples/s]
Map:  43%|####2     | 3022/7030 [01:13<01:30, 44.23 examples/s]
Map:  43%|####3     | 3028/7030 [01:13<01:40, 39.74 examples/s]
Map:  43%|####3     | 3034/7030 [01:14<02:03, 32.41 examples/s]
Map:  43%|####3     | 3044/7030 [01:14<01:40, 39.66 examples/s]
Map:  43%|####3     | 3052/7030 [01:14<01:40, 39.67 examples/s]
Map:  43%|####3     | 3058/7030 [01:14<01:38, 40.13 examples/s]
Map:  44%|####3     | 3064/7030 [01:14<01:40, 39.46 examples/s]
Map:  44%|####3     | 3072/7030 [01:14<01:29, 44.33 examples/s]
Map:  44%|####3     | 3080/7030 [01:15<01:35, 41.31 examples/s]
Map:  44%|####3     | 3088/7030 [01:15<01:42, 38.48 examples/s]
Map:  44%|####4     | 3094/7030 [01:15<01:55, 34.12 examples/s]
Map:  44%|####4     | 3098/7030 [01:15<02:04, 31.65 examples/s]
Map:  44%|####4     | 3104/7030 [01:16<02:20, 27.90 examples/s]
Map:  44%|####4     | 3110/7030 [01:16<02:10, 29.95 examples/s]
Map:  44%|####4     | 3114/7030 [01:16<02:21, 27.68 examples/s]
Map:  44%|####4     | 3120/7030 [01:16<02:04, 31.43 examples/s]
Map:  44%|####4     | 3128/7030 [01:16<01:48, 36.11 examples/s]
Map:  45%|####4     | 3132/7030 [01:16<02:12, 29.50 examples/s]
Map:  45%|####4     | 3136/7030 [01:17<02:05, 31.02 examples/s]
Map:  45%|####4     | 3144/7030 [01:17<01:42, 37.87 examples/s]
Map:  45%|####4     | 3152/7030 [01:17<01:41, 38.23 examples/s]
Map:  45%|####4     | 3158/7030 [01:17<01:41, 38.23 examples/s]
Map:  45%|####4     | 3162/7030 [01:17<01:53, 33.96 examples/s]
Map:  45%|####5     | 3166/7030 [01:17<02:04, 30.95 examples/s]
Map:  45%|####5     | 3172/7030 [01:18<01:55, 33.46 examples/s]
Map:  45%|####5     | 3178/7030 [01:18<01:47, 35.90 examples/s]
Map:  45%|####5     | 3184/7030 [01:18<01:40, 38.26 examples/s]
Map:  45%|####5     | 3192/7030 [01:18<01:31, 41.97 examples/s]
Map:  46%|####5     | 3200/7030 [01:18<01:31, 41.72 examples/s]
Map:  46%|####5     | 3206/7030 [01:18<01:27, 43.69 examples/s]
Map:  46%|####5     | 3212/7030 [01:18<01:35, 40.14 examples/s]
Map:  46%|####5     | 3218/7030 [01:19<02:27, 25.81 examples/s]
Map:  46%|####5     | 3224/7030 [01:19<02:27, 25.85 examples/s]
Map:  46%|####5     | 3230/7030 [01:19<02:13, 28.54 examples/s]
Map:  46%|####6     | 3234/7030 [01:19<02:07, 29.88 examples/s]
Map:  46%|####6     | 3240/7030 [01:20<01:56, 32.62 examples/s]
Map:  46%|####6     | 3246/7030 [01:20<01:50, 34.40 examples/s]
Map:  46%|####6     | 3252/7030 [01:20<01:41, 37.33 examples/s]
Map:  46%|####6     | 3256/7030 [01:20<01:57, 32.17 examples/s]
Map:  46%|####6     | 3260/7030 [01:20<02:26, 25.66 examples/s]
Map:  46%|####6     | 3266/7030 [01:20<02:03, 30.42 examples/s]
Map:  47%|####6     | 3270/7030 [01:21<02:04, 30.27 examples/s]
Map:  47%|####6     | 3278/7030 [01:21<01:41, 36.99 examples/s]
Map:  47%|####6     | 3286/7030 [01:21<01:33, 40.11 examples/s]
Map:  47%|####6     | 3292/7030 [01:21<01:32, 40.42 examples/s]
Map:  47%|####6     | 3300/7030 [01:21<01:39, 37.35 examples/s]
Map:  47%|####6     | 3304/7030 [01:21<01:54, 32.65 examples/s]
Map:  47%|####7     | 3310/7030 [01:22<01:58, 31.35 examples/s]
Map:  47%|####7     | 3314/7030 [01:22<02:04, 29.89 examples/s]
Map:  47%|####7     | 3320/7030 [01:22<01:50, 33.43 examples/s]
Map:  47%|####7     | 3326/7030 [01:22<01:40, 36.72 examples/s]
Map:  47%|####7     | 3334/7030 [01:22<01:23, 44.45 examples/s]
Map:  48%|####7     | 3340/7030 [01:22<01:21, 45.37 examples/s]
Map:  48%|####7     | 3348/7030 [01:22<01:17, 47.42 examples/s]
Map:  48%|####7     | 3354/7030 [01:23<01:22, 44.36 examples/s]
Map:  48%|####7     | 3362/7030 [01:23<01:27, 41.74 examples/s]
Map:  48%|####7     | 3368/7030 [01:23<01:33, 39.10 examples/s]
Map:  48%|####7     | 3374/7030 [01:23<01:31, 40.12 examples/s]
Map:  48%|####8     | 3380/7030 [01:23<01:36, 37.94 examples/s]
Map:  48%|####8     | 3384/7030 [01:23<01:39, 36.73 examples/s]
Map:  48%|####8     | 3390/7030 [01:24<01:33, 39.12 examples/s]
Map:  48%|####8     | 3400/7030 [01:24<01:17, 46.60 examples/s]
Map:  48%|####8     | 3406/7030 [01:24<01:18, 46.40 examples/s]
Map:  49%|####8     | 3412/7030 [01:24<01:19, 45.50 examples/s]
Map:  49%|####8     | 3420/7030 [01:24<01:15, 47.57 examples/s]
Map:  49%|####8     | 3426/7030 [01:24<01:25, 42.02 examples/s]
Map:  49%|####8     | 3432/7030 [01:25<01:48, 33.11 examples/s]
Map:  49%|####8     | 3438/7030 [01:25<01:39, 36.13 examples/s]
Map:  49%|####8     | 3444/7030 [01:25<01:31, 39.12 examples/s]
Map:  49%|####9     | 3450/7030 [01:25<01:40, 35.55 examples/s]
Map:  49%|####9     | 3456/7030 [01:25<01:43, 34.69 examples/s]
Map:  49%|####9     | 3464/7030 [01:25<01:27, 40.59 examples/s]
Map:  49%|####9     | 3470/7030 [01:26<02:03, 28.72 examples/s]
Map:  49%|####9     | 3474/7030 [01:26<02:31, 23.45 examples/s]
Map:  50%|####9     | 3482/7030 [01:26<01:53, 31.27 examples/s]
Map:  50%|####9     | 3488/7030 [01:26<01:42, 34.66 examples/s]
Map:  50%|####9     | 3496/7030 [01:27<01:36, 36.65 examples/s]
Map:  50%|####9     | 3502/7030 [01:27<01:36, 36.40 examples/s]
Map:  50%|####9     | 3508/7030 [01:27<01:39, 35.48 examples/s]
Map:  50%|####9     | 3512/7030 [01:27<01:44, 33.57 examples/s]
Map:  50%|#####     | 3518/7030 [01:27<01:40, 34.80 examples/s]
Map:  50%|#####     | 3524/7030 [01:27<01:54, 30.53 examples/s]
Map:  50%|#####     | 3528/7030 [01:28<02:10, 26.80 examples/s]
Map:  50%|#####     | 3534/7030 [01:28<01:57, 29.76 examples/s]
Map:  50%|#####     | 3538/7030 [01:28<01:53, 30.68 examples/s]
Map:  50%|#####     | 3542/7030 [01:28<02:13, 26.21 examples/s]
Map:  50%|#####     | 3546/7030 [01:28<02:04, 28.09 examples/s]
Map:  50%|#####     | 3550/7030 [01:28<02:18, 25.09 examples/s]
Map:  51%|#####     | 3556/7030 [01:29<01:57, 29.49 examples/s]
Map:  51%|#####     | 3564/7030 [01:29<01:54, 30.35 examples/s]
Map:  51%|#####     | 3568/7030 [01:29<01:51, 31.09 examples/s]
Map:  51%|#####     | 3574/7030 [01:29<01:37, 35.58 examples/s]
Map:  51%|#####     | 3580/7030 [01:29<02:12, 26.02 examples/s]
Map:  51%|#####1    | 3586/7030 [01:30<01:56, 29.54 examples/s]
Map:  51%|#####1    | 3592/7030 [01:30<01:45, 32.44 examples/s]
Map:  51%|#####1    | 3600/7030 [01:30<01:29, 38.19 examples/s]
Map:  51%|#####1    | 3606/7030 [01:30<01:30, 37.80 examples/s]
Map:  51%|#####1    | 3614/7030 [01:30<01:20, 42.50 examples/s]
Map:  51%|#####1    | 3620/7030 [01:30<01:34, 35.91 examples/s]
Map:  52%|#####1    | 3628/7030 [01:31<01:22, 41.30 examples/s]
Map:  52%|#####1    | 3634/7030 [01:31<01:41, 33.53 examples/s]
Map:  52%|#####1    | 3640/7030 [01:31<01:52, 30.02 examples/s]
Map:  52%|#####1    | 3646/7030 [01:31<02:01, 27.95 examples/s]
Map:  52%|#####1    | 3654/7030 [01:31<01:37, 34.59 examples/s]
Map:  52%|#####2    | 3660/7030 [01:32<01:36, 34.97 examples/s]
Map:  52%|#####2    | 3664/7030 [01:32<01:42, 32.83 examples/s]
Map:  52%|#####2    | 3668/7030 [01:32<01:40, 33.33 examples/s]
Map:  52%|#####2    | 3674/7030 [01:32<01:35, 35.10 examples/s]
Map:  52%|#####2    | 3680/7030 [01:32<01:25, 39.11 examples/s]
Map:  52%|#####2    | 3686/7030 [01:32<01:21, 40.95 examples/s]
Map:  53%|#####2    | 3694/7030 [01:32<01:17, 43.27 examples/s]
Map:  53%|#####2    | 3704/7030 [01:33<01:22, 40.30 examples/s]
Map:  53%|#####2    | 3712/7030 [01:33<01:14, 44.28 examples/s]
Map:  53%|#####2    | 3718/7030 [01:33<01:13, 45.08 examples/s]
Map:  53%|#####2    | 3724/7030 [01:33<01:14, 44.63 examples/s]
Map:  53%|#####3    | 3730/7030 [01:33<01:14, 44.19 examples/s]
Map:  53%|#####3    | 3736/7030 [01:33<01:17, 42.43 examples/s]
Map:  53%|#####3    | 3744/7030 [01:34<01:27, 37.57 examples/s]
Map:  53%|#####3    | 3750/7030 [01:34<01:51, 29.33 examples/s]
Map:  53%|#####3    | 3758/7030 [01:34<01:35, 34.32 examples/s]
Map:  54%|#####3    | 3766/7030 [01:34<01:20, 40.41 examples/s]
Map:  54%|#####3    | 3772/7030 [01:35<01:35, 33.99 examples/s]
Map:  54%|#####3    | 3780/7030 [01:35<01:24, 38.52 examples/s]
Map:  54%|#####3    | 3786/7030 [01:35<01:38, 32.92 examples/s]
Map:  54%|#####3    | 3792/7030 [01:35<01:32, 35.01 examples/s]
Map:  54%|#####4    | 3798/7030 [01:35<01:41, 32.00 examples/s]
Map:  54%|#####4    | 3804/7030 [01:35<01:32, 34.97 examples/s]
Map:  54%|#####4    | 3808/7030 [01:36<02:11, 24.48 examples/s]
Map:  54%|#####4    | 3814/7030 [01:36<01:51, 28.77 examples/s]
Map:  54%|#####4    | 3818/7030 [01:36<01:52, 28.64 examples/s]
Map:  54%|#####4    | 3824/7030 [01:36<01:47, 29.80 examples/s]
Map:  54%|#####4    | 3830/7030 [01:37<02:04, 25.80 examples/s]
Map:  55%|#####4    | 3836/7030 [01:37<01:48, 29.33 examples/s]
Map:  55%|#####4    | 3844/7030 [01:37<01:31, 34.83 examples/s]
Map:  55%|#####4    | 3850/7030 [01:37<01:27, 36.54 examples/s]
Map:  55%|#####4    | 3856/7030 [01:37<01:28, 36.04 examples/s]
Map:  55%|#####4    | 3864/7030 [01:37<01:24, 37.46 examples/s]
Map:  55%|#####5    | 3872/7030 [01:38<01:24, 37.43 examples/s]
Map:  55%|#####5    | 3878/7030 [01:38<01:26, 36.35 examples/s]
Map:  55%|#####5    | 3884/7030 [01:38<01:28, 35.55 examples/s]
Map:  55%|#####5    | 3892/7030 [01:38<01:19, 39.65 examples/s]
Map:  55%|#####5    | 3898/7030 [01:38<01:19, 39.30 examples/s]
Map:  56%|#####5    | 3902/7030 [01:38<01:38, 31.70 examples/s]
Map:  56%|#####5    | 3910/7030 [01:39<01:39, 31.42 examples/s]
Map:  56%|#####5    | 3914/7030 [01:39<01:52, 27.71 examples/s]
Map:  56%|#####5    | 3918/7030 [01:39<01:48, 28.63 examples/s]
Map:  56%|#####5    | 3924/7030 [01:39<01:40, 30.77 examples/s]
Map:  56%|#####5    | 3928/7030 [01:39<01:38, 31.60 examples/s]
Map:  56%|#####5    | 3936/7030 [01:40<01:27, 35.45 examples/s]
Map:  56%|#####6    | 3940/7030 [01:40<01:33, 32.99 examples/s]
Map:  56%|#####6    | 3946/7030 [01:40<01:25, 36.22 examples/s]
Map:  56%|#####6    | 3952/7030 [01:40<01:16, 40.14 examples/s]
Map:  56%|#####6    | 3958/7030 [01:40<01:32, 33.05 examples/s]
Map:  56%|#####6    | 3966/7030 [01:40<01:31, 33.54 examples/s]
Map:  56%|#####6    | 3970/7030 [01:41<01:47, 28.53 examples/s]
Map:  57%|#####6    | 3976/7030 [01:41<01:38, 31.13 examples/s]
Map:  57%|#####6    | 3982/7030 [01:41<01:24, 35.86 examples/s]
Map:  57%|#####6    | 3988/7030 [01:41<01:25, 35.39 examples/s]
Map:  57%|#####6    | 3996/7030 [01:41<01:17, 39.08 examples/s]
Map:  57%|#####6    | 4004/7030 [01:41<01:08, 44.23 examples/s]
Map:  57%|#####7    | 4010/7030 [01:42<02:08, 23.53 examples/s]
Map:  57%|#####7    | 4016/7030 [01:42<01:50, 27.22 examples/s]
Map:  57%|#####7    | 4020/7030 [01:42<01:49, 27.41 examples/s]
Map:  57%|#####7    | 4026/7030 [01:42<01:35, 31.51 examples/s]
Map:  57%|#####7    | 4032/7030 [01:43<01:37, 30.61 examples/s]
Map:  57%|#####7    | 4038/7030 [01:43<01:32, 32.52 examples/s]
Map:  58%|#####7    | 4044/7030 [01:43<01:19, 37.42 examples/s]
Map:  58%|#####7    | 4052/7030 [01:43<01:25, 34.64 examples/s]
Map:  58%|#####7    | 4056/7030 [01:43<01:26, 34.43 examples/s]
Map:  58%|#####7    | 4064/7030 [01:43<01:29, 33.12 examples/s]
Map:  58%|#####7    | 4068/7030 [01:44<01:27, 33.80 examples/s]
Map:  58%|#####7    | 4074/7030 [01:44<01:23, 35.40 examples/s]
Map:  58%|#####8    | 4084/7030 [01:44<01:07, 43.35 examples/s]
Map:  58%|#####8    | 4092/7030 [01:44<01:08, 42.62 examples/s]
Map:  58%|#####8    | 4098/7030 [01:44<01:11, 40.91 examples/s]
Map:  58%|#####8    | 4104/7030 [01:45<01:34, 30.85 examples/s]
Map:  58%|#####8    | 4108/7030 [01:45<01:32, 31.50 examples/s]
Map:  59%|#####8    | 4114/7030 [01:45<01:22, 35.38 examples/s]
Map:  59%|#####8    | 4120/7030 [01:45<01:32, 31.63 examples/s]
Map:  59%|#####8    | 4124/7030 [01:45<01:42, 28.35 examples/s]
