C:\Users\samba\miniconda3\envs\legalsum\lib\site-packages\huggingface_hub\file_download.py:949: FutureWarning: `resume_download` is deprecated and will be removed in version 1.0.0. Downloads always resume when possible. If you want to force a new download, use `force_download=True`.
  warnings.warn(
Loading training data from data/raw/IN-Abs\train-data...
Loading test data from data/raw/IN-Abs\test-data...
Loaded 7030 training examples and 100 test examples.
Loading Tokenizer and Model: allenai/led-base-16384...
Tokenizing datasets... this may take some RAM

Map:   0%|          | 0/7030 [00:00<?, ? examples/s]
Map:   0%|          | 4/7030 [00:00<03:07, 37.48 examples/s]
Map:   0%|          | 12/7030 [00:00<03:22, 34.59 examples/s]
Map:   0%|          | 18/7030 [00:00<03:59, 29.25 examples/s]
Map:   0%|          | 26/7030 [00:00<03:20, 34.99 examples/s]
Map:   0%|          | 30/7030 [00:00<03:51, 30.27 examples/s]
Map:   1%|          | 40/7030 [00:01<02:55, 39.94 examples/s]
Map:   1%|          | 48/7030 [00:01<02:40, 43.53 examples/s]
Map:   1%|          | 56/7030 [00:01<02:25, 48.00 examples/s]
Map:   1%|          | 62/7030 [00:01<02:26, 47.43 examples/s]
Map:   1%|          | 68/7030 [00:01<02:54, 39.79 examples/s]
Map:   1%|1         | 74/7030 [00:01<02:59, 38.80 examples/s]
Map:   1%|1         | 82/7030 [00:02<02:38, 43.72 examples/s]
Map:   1%|1         | 88/7030 [00:02<02:38, 43.80 examples/s]
Map:   1%|1         | 94/7030 [00:02<03:22, 34.20 examples/s]
Map:   1%|1         | 100/7030 [00:02<03:05, 37.38 examples/s]
Map:   2%|1         | 110/7030 [00:02<02:35, 44.44 examples/s]
Map:   2%|1         | 118/7030 [00:03<02:59, 38.58 examples/s]
Map:   2%|1         | 126/7030 [00:03<03:03, 37.55 examples/s]
Map:   2%|1         | 132/7030 [00:03<02:56, 38.98 examples/s]
Map:   2%|1         | 138/7030 [00:03<03:09, 36.43 examples/s]
Map:   2%|2         | 146/7030 [00:03<02:53, 39.78 examples/s]
Map:   2%|2         | 154/7030 [00:03<02:56, 38.96 examples/s]
Map:   2%|2         | 162/7030 [00:04<02:43, 42.13 examples/s]
Map:   2%|2         | 168/7030 [00:04<02:39, 43.14 examples/s]
Map:   3%|2         | 178/7030 [00:04<02:15, 50.50 examples/s]
Map:   3%|2         | 186/7030 [00:04<02:08, 53.22 examples/s]
Map:   3%|2         | 192/7030 [00:04<02:13, 51.40 examples/s]
Map:   3%|2         | 198/7030 [00:04<02:16, 49.87 examples/s]
Map:   3%|2         | 206/7030 [00:04<02:07, 53.43 examples/s]
Map:   3%|3         | 214/7030 [00:05<02:02, 55.72 examples/s]
Map:   3%|3         | 222/7030 [00:05<02:12, 51.43 examples/s]
Map:   3%|3         | 230/7030 [00:05<02:13, 50.75 examples/s]
Map:   3%|3         | 238/7030 [00:05<02:20, 48.46 examples/s]
Map:   3%|3         | 246/7030 [00:05<02:38, 42.92 examples/s]
Map:   4%|3         | 256/7030 [00:05<02:16, 49.77 examples/s]
Map:   4%|3         | 264/7030 [00:06<02:16, 49.71 examples/s]
Map:   4%|3         | 270/7030 [00:06<02:31, 44.47 examples/s]
Map:   4%|3         | 278/7030 [00:06<02:22, 47.31 examples/s]
Map:   4%|4         | 284/7030 [00:06<02:38, 42.65 examples/s]
Map:   4%|4         | 292/7030 [00:06<02:40, 42.10 examples/s]
Map:   4%|4         | 298/7030 [00:06<02:35, 43.29 examples/s]
Map:   4%|4         | 306/7030 [00:07<02:35, 43.35 examples/s]
Map:   4%|4         | 314/7030 [00:07<02:41, 41.70 examples/s]
Map:   5%|4         | 320/7030 [00:07<02:44, 40.84 examples/s]
Map:   5%|4         | 326/7030 [00:07<02:37, 42.68 examples/s]
Map:   5%|4         | 332/7030 [00:07<02:52, 38.75 examples/s]
Map:   5%|4         | 340/7030 [00:07<02:45, 40.36 examples/s]
Map:   5%|4         | 346/7030 [00:08<02:51, 38.92 examples/s]
Map:   5%|4         | 350/7030 [00:08<02:58, 37.41 examples/s]
Map:   5%|5         | 358/7030 [00:08<02:38, 41.99 examples/s]
Map:   5%|5         | 366/7030 [00:08<03:05, 35.94 examples/s]
Map:   5%|5         | 372/7030 [00:08<02:57, 37.47 examples/s]
Map:   5%|5         | 376/7030 [00:08<03:12, 34.58 examples/s]
Map:   5%|5         | 380/7030 [00:09<03:29, 31.76 examples/s]
Map:   5%|5         | 386/7030 [00:09<03:02, 36.46 examples/s]
Map:   6%|5         | 390/7030 [00:09<03:02, 36.47 examples/s]
Map:   6%|5         | 394/7030 [00:09<03:08, 35.29 examples/s]
Map:   6%|5         | 398/7030 [00:09<03:22, 32.82 examples/s]
Map:   6%|5         | 404/7030 [00:09<03:50, 28.71 examples/s]
Map:   6%|5         | 410/7030 [00:10<03:15, 33.80 examples/s]
Map:   6%|5         | 414/7030 [00:10<03:39, 30.09 examples/s]
Map:   6%|5         | 418/7030 [00:10<03:49, 28.87 examples/s]
Map:   6%|6         | 426/7030 [00:10<03:59, 27.58 examples/s]
Map:   6%|6         | 430/7030 [00:10<04:05, 26.83 examples/s]
Map:   6%|6         | 438/7030 [00:10<03:12, 34.23 examples/s]
Map:   6%|6         | 442/7030 [00:11<03:36, 30.39 examples/s]
Map:   6%|6         | 446/7030 [00:11<03:47, 29.00 examples/s]
Map:   6%|6         | 454/7030 [00:11<03:04, 35.57 examples/s]
Map:   7%|6         | 460/7030 [00:11<02:56, 37.28 examples/s]
Map:   7%|6         | 468/7030 [00:11<02:39, 41.12 examples/s]
Map:   7%|6         | 474/7030 [00:11<02:42, 40.41 examples/s]
Map:   7%|6         | 482/7030 [00:12<02:30, 43.63 examples/s]
Map:   7%|6         | 490/7030 [00:12<02:27, 44.48 examples/s]
Map:   7%|7         | 498/7030 [00:12<02:19, 46.83 examples/s]
Map:   7%|7         | 506/7030 [00:12<03:10, 34.27 examples/s]
Map:   7%|7         | 510/7030 [00:12<03:05, 35.10 examples/s]
Map:   7%|7         | 516/7030 [00:12<02:52, 37.83 examples/s]
Map:   7%|7         | 522/7030 [00:13<02:59, 36.29 examples/s]
Map:   7%|7         | 526/7030 [00:13<02:56, 36.75 examples/s]
Map:   8%|7         | 534/7030 [00:13<02:37, 41.20 examples/s]
Map:   8%|7         | 540/7030 [00:13<02:46, 38.99 examples/s]
Map:   8%|7         | 546/7030 [00:13<02:46, 38.91 examples/s]
Map:   8%|7         | 552/7030 [00:13<03:05, 34.86 examples/s]
Map:   8%|7         | 560/7030 [00:14<02:41, 40.13 examples/s]
Map:   8%|8         | 568/7030 [00:14<02:32, 42.29 examples/s]
Map:   8%|8         | 576/7030 [00:14<02:29, 43.20 examples/s]
Map:   8%|8         | 584/7030 [00:14<02:34, 41.74 examples/s]
Map:   8%|8         | 592/7030 [00:14<02:23, 44.79 examples/s]
Map:   9%|8         | 600/7030 [00:14<02:08, 49.96 examples/s]
Map:   9%|8         | 606/7030 [00:15<02:24, 44.55 examples/s]
Map:   9%|8         | 614/7030 [00:15<02:35, 41.31 examples/s]
Map:   9%|8         | 622/7030 [00:15<02:49, 37.75 examples/s]
Map:   9%|8         | 628/7030 [00:15<02:41, 39.52 examples/s]
Map:   9%|9         | 636/7030 [00:15<02:28, 43.10 examples/s]
Map:   9%|9         | 642/7030 [00:16<02:28, 42.89 examples/s]
Map:   9%|9         | 650/7030 [00:16<02:35, 41.09 examples/s]
Map:   9%|9         | 656/7030 [00:16<02:56, 36.15 examples/s]
Map:   9%|9         | 664/7030 [00:16<02:32, 41.73 examples/s]
Map:  10%|9         | 672/7030 [00:16<02:32, 41.83 examples/s]
Map:  10%|9         | 678/7030 [00:16<02:53, 36.57 examples/s]
Map:  10%|9         | 686/7030 [00:17<02:57, 35.69 examples/s]
Map:  10%|9         | 694/7030 [00:17<02:42, 38.95 examples/s]
Map:  10%|9         | 700/7030 [00:17<02:42, 38.95 examples/s]
Map:  10%|#         | 708/7030 [00:17<02:48, 37.47 examples/s]
Map:  10%|#         | 712/7030 [00:17<03:12, 32.81 examples/s]
Map:  10%|#         | 718/7030 [00:18<02:59, 35.10 examples/s]
Map:  10%|#         | 722/7030 [00:18<03:02, 34.62 examples/s]
Map:  10%|#         | 730/7030 [00:18<02:58, 35.25 examples/s]
Map:  10%|#         | 736/7030 [00:18<02:53, 36.31 examples/s]
Map:  11%|#         | 742/7030 [00:18<02:53, 36.19 examples/s]
Map:  11%|#         | 748/7030 [00:18<02:46, 37.74 examples/s]
Map:  11%|#         | 752/7030 [00:19<03:06, 33.74 examples/s]
Map:  11%|#         | 756/7030 [00:19<03:07, 33.39 examples/s]
Map:  11%|#         | 762/7030 [00:19<03:37, 28.76 examples/s]
Map:  11%|#         | 768/7030 [00:19<03:08, 33.21 examples/s]
Map:  11%|#         | 772/7030 [00:19<03:17, 31.64 examples/s]
Map:  11%|#1        | 776/7030 [00:19<03:28, 30.02 examples/s]
Map:  11%|#1        | 782/7030 [00:20<03:08, 33.18 examples/s]
Map:  11%|#1        | 788/7030 [00:20<03:41, 28.13 examples/s]
Map:  11%|#1        | 792/7030 [00:20<03:30, 29.69 examples/s]
Map:  11%|#1        | 798/7030 [00:20<03:17, 31.53 examples/s]
Map:  11%|#1        | 802/7030 [00:20<03:24, 30.41 examples/s]
Map:  11%|#1        | 808/7030 [00:20<03:21, 30.88 examples/s]
Map:  12%|#1        | 816/7030 [00:21<02:54, 35.67 examples/s]
Map:  12%|#1        | 820/7030 [00:21<02:52, 35.97 examples/s]
Map:  12%|#1        | 824/7030 [00:21<02:52, 36.02 examples/s]
Map:  12%|#1        | 828/7030 [00:21<02:49, 36.53 examples/s]
Map:  12%|#1        | 832/7030 [00:21<02:50, 36.26 examples/s]
Map:  12%|#1        | 838/7030 [00:21<02:42, 38.15 examples/s]
Map:  12%|#1        | 842/7030 [00:21<02:49, 36.44 examples/s]
Map:  12%|#2        | 846/7030 [00:22<03:50, 26.82 examples/s]
Map:  12%|#2        | 850/7030 [00:22<03:30, 29.35 examples/s]
Map:  12%|#2        | 858/7030 [00:22<02:52, 35.69 examples/s]
Map:  12%|#2        | 864/7030 [00:22<02:50, 36.19 examples/s]
Map:  12%|#2        | 872/7030 [00:22<02:28, 41.43 examples/s]
Map:  13%|#2        | 880/7030 [00:22<02:32, 40.30 examples/s]
Map:  13%|#2        | 888/7030 [00:22<02:24, 42.63 examples/s]
Map:  13%|#2        | 896/7030 [00:23<02:21, 43.40 examples/s]
Map:  13%|#2        | 902/7030 [00:23<02:24, 42.28 examples/s]
Map:  13%|#2        | 908/7030 [00:23<02:31, 40.47 examples/s]
Map:  13%|#3        | 916/7030 [00:23<02:25, 41.93 examples/s]
Map:  13%|#3        | 924/7030 [00:23<02:25, 41.95 examples/s]
Map:  13%|#3        | 932/7030 [00:24<02:19, 43.81 examples/s]
Map:  13%|#3        | 940/7030 [00:24<02:11, 46.34 examples/s]
Map:  13%|#3        | 948/7030 [00:24<02:59, 33.91 examples/s]
Map:  14%|#3        | 954/7030 [00:24<02:51, 35.40 examples/s]
Map:  14%|#3        | 960/7030 [00:24<02:48, 36.03 examples/s]
Map:  14%|#3        | 966/7030 [00:25<02:59, 33.77 examples/s]
Map:  14%|#3        | 974/7030 [00:25<02:43, 36.97 examples/s]
Map:  14%|#3        | 982/7030 [00:25<02:51, 35.29 examples/s]
Map:  14%|#4        | 990/7030 [00:25<02:27, 41.03 examples/s]
Map:  14%|#4        | 996/7030 [00:25<02:28, 40.60 examples/s]
Map:  14%|#4        | 1004/7030 [00:25<02:17, 43.75 examples/s]
Map:  14%|#4        | 1010/7030 [00:26<02:13, 45.04 examples/s]
Map:  14%|#4        | 1018/7030 [00:26<02:10, 46.23 examples/s]
Map:  15%|#4        | 1024/7030 [00:26<02:15, 44.31 examples/s]
Map:  15%|#4        | 1030/7030 [00:26<02:18, 43.32 examples/s]
Map:  15%|#4        | 1036/7030 [00:26<02:10, 45.79 examples/s]
Map:  15%|#4        | 1044/7030 [00:26<02:13, 44.67 examples/s]
Map:  15%|#4        | 1052/7030 [00:26<02:15, 44.00 examples/s]
Map:  15%|#5        | 1060/7030 [00:27<02:20, 42.40 examples/s]
Map:  15%|#5        | 1068/7030 [00:27<02:16, 43.78 examples/s]
Map:  15%|#5        | 1076/7030 [00:27<02:09, 46.12 examples/s]
Map:  15%|#5        | 1082/7030 [00:27<02:24, 41.13 examples/s]
Map:  16%|#5        | 1090/7030 [00:27<02:06, 47.10 examples/s]
Map:  16%|#5        | 1098/7030 [00:27<01:59, 49.49 examples/s]
Map:  16%|#5        | 1106/7030 [00:28<02:25, 40.85 examples/s]
Map:  16%|#5        | 1114/7030 [00:28<02:28, 39.72 examples/s]
Map:  16%|#5        | 1120/7030 [00:28<02:22, 41.49 examples/s]
Map:  16%|#6        | 1128/7030 [00:28<02:15, 43.71 examples/s]
Map:  16%|#6        | 1136/7030 [00:28<02:07, 46.37 examples/s]
Map:  16%|#6        | 1144/7030 [00:29<01:57, 50.29 examples/s]
Map:  16%|#6        | 1152/7030 [00:29<01:54, 51.47 examples/s]
Map:  16%|#6        | 1158/7030 [00:29<02:03, 47.67 examples/s]
Map:  17%|#6        | 1164/7030 [00:29<02:05, 46.78 examples/s]
Map:  17%|#6        | 1172/7030 [00:29<02:16, 42.98 examples/s]
Map:  17%|#6        | 1178/7030 [00:29<02:18, 42.33 examples/s]
Map:  17%|#6        | 1186/7030 [00:29<02:10, 44.90 examples/s]
Map:  17%|#6        | 1192/7030 [00:30<02:24, 40.26 examples/s]
Map:  17%|#7        | 1198/7030 [00:30<02:17, 42.27 examples/s]
Map:  17%|#7        | 1206/7030 [00:30<02:28, 39.21 examples/s]
Map:  17%|#7        | 1216/7030 [00:30<02:03, 47.20 examples/s]
Map:  17%|#7        | 1224/7030 [00:30<02:00, 48.24 examples/s]
Map:  18%|#7        | 1232/7030 [00:31<02:02, 47.51 examples/s]
Map:  18%|#7        | 1238/7030 [00:31<02:09, 44.70 examples/s]
Map:  18%|#7        | 1246/7030 [00:31<02:05, 46.25 examples/s]
Map:  18%|#7        | 1252/7030 [00:31<02:05, 46.11 examples/s]
Map:  18%|#7        | 1258/7030 [00:31<02:08, 44.79 examples/s]
Map:  18%|#7        | 1264/7030 [00:31<02:22, 40.56 examples/s]
Map:  18%|#8        | 1272/7030 [00:31<02:06, 45.36 examples/s]
Map:  18%|#8        | 1280/7030 [00:32<01:55, 49.79 examples/s]
Map:  18%|#8        | 1286/7030 [00:32<01:58, 48.56 examples/s]
Map:  18%|#8        | 1292/7030 [00:32<02:13, 43.04 examples/s]
Map:  19%|#8        | 1302/7030 [00:32<02:08, 44.58 examples/s]
Map:  19%|#8        | 1310/7030 [00:33<03:25, 27.84 examples/s]
Map:  19%|#8        | 1316/7030 [00:33<03:12, 29.68 examples/s]
Map:  19%|#8        | 1324/7030 [00:33<02:50, 33.47 examples/s]
Map:  19%|#8        | 1330/7030 [00:33<02:40, 35.57 examples/s]
Map:  19%|#9        | 1338/7030 [00:33<02:18, 41.23 examples/s]
Map:  19%|#9        | 1344/7030 [00:33<02:10, 43.69 examples/s]
Map:  19%|#9        | 1352/7030 [00:33<01:53, 49.83 examples/s]
Map:  19%|#9        | 1358/7030 [00:34<01:57, 48.37 examples/s]
Map:  19%|#9        | 1366/7030 [00:34<01:58, 47.82 examples/s]
Map:  20%|#9        | 1372/7030 [00:34<02:03, 45.91 examples/s]
Map:  20%|#9        | 1378/7030 [00:34<02:01, 46.44 examples/s]
Map:  20%|#9        | 1386/7030 [00:34<01:55, 48.98 examples/s]
Map:  20%|#9        | 1394/7030 [00:34<01:46, 53.02 examples/s]
Map:  20%|#9        | 1400/7030 [00:34<02:00, 46.83 examples/s]
Map:  20%|##        | 1408/7030 [00:35<02:06, 44.45 examples/s]
Map:  20%|##        | 1414/7030 [00:35<02:06, 44.57 examples/s]
Map:  20%|##        | 1422/7030 [00:35<02:15, 41.47 examples/s]
Map:  20%|##        | 1428/7030 [00:35<02:09, 43.22 examples/s]
Map:  20%|##        | 1434/7030 [00:35<02:15, 41.24 examples/s]
Map:  21%|##        | 1442/7030 [00:35<02:17, 40.57 examples/s]
Map:  21%|##        | 1448/7030 [00:36<02:32, 36.64 examples/s]
Map:  21%|##        | 1456/7030 [00:36<02:20, 39.63 examples/s]
Map:  21%|##        | 1464/7030 [00:36<02:05, 44.26 examples/s]
Map:  21%|##        | 1472/7030 [00:36<02:06, 43.77 examples/s]
Map:  21%|##1       | 1480/7030 [00:36<02:00, 46.10 examples/s]
Map:  21%|##1       | 1488/7030 [00:37<02:10, 42.44 examples/s]
Map:  21%|##1       | 1496/7030 [00:37<02:04, 44.57 examples/s]
Map:  21%|##1       | 1504/7030 [00:37<01:53, 48.61 examples/s]
Map:  22%|##1       | 1512/7030 [00:37<01:48, 50.86 examples/s]
Map:  22%|##1       | 1518/7030 [00:37<01:54, 48.08 examples/s]
Map:  22%|##1       | 1526/7030 [00:37<01:52, 48.98 examples/s]
Map:  22%|##1       | 1534/7030 [00:37<01:50, 49.59 examples/s]
Map:  22%|##1       | 1542/7030 [00:38<01:42, 53.78 examples/s]
Map:  22%|##2       | 1550/7030 [00:38<01:56, 46.94 examples/s]
Map:  22%|##2       | 1558/7030 [00:38<01:47, 50.81 examples/s]
Map:  22%|##2       | 1566/7030 [00:38<01:50, 49.49 examples/s]
Map:  22%|##2       | 1574/7030 [00:38<01:42, 53.01 examples/s]
Map:  23%|##2       | 1582/7030 [00:38<01:35, 57.32 examples/s]
Map:  23%|##2       | 1588/7030 [00:38<01:42, 53.22 examples/s]
Map:  23%|##2       | 1594/7030 [00:39<01:47, 50.33 examples/s]
Map:  23%|##2       | 1602/7030 [00:39<01:47, 50.47 examples/s]
Map:  23%|##2       | 1608/7030 [00:39<01:45, 51.39 examples/s]
Map:  23%|##2       | 1616/7030 [00:39<01:41, 53.52 examples/s]
Map:  23%|##3       | 1624/7030 [00:39<01:52, 47.91 examples/s]
Map:  23%|##3       | 1630/7030 [00:39<02:00, 44.88 examples/s]
Map:  23%|##3       | 1638/7030 [00:40<01:47, 49.96 examples/s]
Map:  23%|##3       | 1644/7030 [00:40<01:49, 49.15 examples/s]
Map:  23%|##3       | 1652/7030 [00:40<01:45, 51.00 examples/s]
Map:  24%|##3       | 1660/7030 [00:40<01:46, 50.22 examples/s]
Map:  24%|##3       | 1668/7030 [00:40<01:50, 48.53 examples/s]
